This file contains any messages produced by compilers while
running configure, to aid debugging if configure makes a mistake.

It was created by jack-keyboard configure 2.5, which was
generated by GNU Autoconf 2.61.  Invocation command line was

  $ ./configure 

## --------- ##
## Platform. ##
## --------- ##

hostname = linux-0dvm
uname -m = x86_64
uname -r = 3.16.7-7-default
uname -s = Linux
uname -v = #1 SMP Wed Dec 17 18:00:44 UTC 2014 (762f27a)

/usr/bin/uname -p = x86_64
/bin/uname -X     = unknown

/bin/arch              = x86_64
/usr/bin/arch -k       = unknown
/usr/convex/getsysinfo = unknown
/usr/bin/hostinfo      = unknown
/bin/machine           = unknown
/usr/bin/oslevel       = unknown
/bin/universe          = unknown

PATH: /home/music/bin
PATH: /usr/local/bin
PATH: /usr/bin
PATH: /bin
PATH: /usr/bin/X11
PATH: /usr/games
PATH: /usr/lib/mit/bin
PATH: /usr/lib/mit/sbin
PATH: .


## ----------- ##
## Core tests. ##
## ----------- ##

configure:1680: loading site script /usr/share/site/x86_64-unknown-linux-gnu
| #!/bin/sh
| # Site script for configure. It is resourced via $CONFIG_SITE environment varaible.
| 
| # If user did not specify libdir, guess the correct target:
| # Use lib64 for 64 bit bi-arch targets, keep the default for the rest.
| if test "$libdir" = '${exec_prefix}/lib' ; then
| 
| 	ac_config_site_64bit_host=NONE
| 
| 	case "$host" in
| 	"" )
| 		# User did not specify host target.
| 		# The native platform x86_64 is a bi-arch platform.
| 		# Try to detect cross-compilation to inferior architecture.
| 
| 		# We are trying to guess 32-bit target compilation. It's not as easy as
| 		# it sounds, as there is possible several intermediate combinations.
| 		ac_config_site_cross_to_32bit_host=NONE
| 
| 		# User defined -m32 in CFLAGS or CXXFLAGS:
| 		# (It's sufficient for 32-bit, but alone may cause mis-behavior of some checks.)
| 		case "$CFLAGS" in
| 		*-m32*)
| 			ac_config_site_cross_to_32bit_host=YES
| 			;;
| 		esac
| 		case "$CXXFLAGS" in
| 		*-m32*)
| 			ac_config_site_cross_to_32bit_host=YES
| 			;;
| 		esac
| 
| 		# Running with linux32:
| 		# (Changes detected platform, but not the toolchain target.)
| 		case "`/bin/uname -i`" in
| 		x86_64 | ppc64 | s390x )
| 			;;
| 		* )
| 			ac_config_site_cross_to_32bit_host=YES
| 			;;
| 		esac
| 
| 		if test "x$ac_config_site_cross_to_32bit_host" = xNONE; then
| 			ac_config_site_64bit_host=YES
| 		fi
| 
| 		;;
| 	*x86_64* | *ppc64* | *s390x* )
| 		ac_config_site_64bit_host=YES
| 		;;
| 	esac
| 
| 	if test "x$ac_config_site_64bit_host" = xYES; then
| 		libdir='${exec_prefix}/lib64'
| 	fi
| fi
| 
| # If user did not specify libexecdir, set the correct target:
| # Nor FHS nor openSUSE allow prefix/libexec. Let's default to prefix/lib.
| 
| if test "$libexecdir" = '${exec_prefix}/libexec' ; then
| 	libexecdir='${exec_prefix}/lib'
| fi
| 
| # Continue with the standard behavior of configure defined in AC_SITE_LOAD:
| if test "x$prefix" != xNONE; then
| 	ac_site_file1=$prefix/share/config.site
| 	ac_site_file2=$prefix/etc/config.site
| else
| 	ac_site_file1=$ac_default_prefix/share/config.site
| 	ac_site_file2=$ac_default_prefix/etc/config.site
| fi
| for ac_site_file in "$ac_site_file1" "$ac_site_file2"
| do
| 	test "x$ac_site_file" = xNONE && continue
| 	if test /dev/null != "$ac_site_file" && test -r "$ac_site_file"; then
| 		{ $as_echo "/usr/share/site/x86_64-unknown-linux-gnu:${as_lineno-$LINENO}: loading site script $ac_site_file" >&5
| $as_echo "/usr/share/site/x86_64-unknown-linux-gnu: loading site script $ac_site_file" >&6;}
| 		sed 's/^/| /' "$ac_site_file" >&5
| 		. "$ac_site_file" \
| 			|| { { $as_echo "/usr/share/site/x86_64-unknown-linux-gnu:${as_lineno-$LINENO}: error: in \`$ac_pwd':" >&5
| $as_echo "/usr/share/site/x86_64-unknown-linux-gnu: error: in \`$ac_pwd':" >&2;}
| as_fn_error $? "failed to load site script $ac_site_file
| See \`config.log' for more details" "$LINENO" 5; }
| 	fi
| done
configure:1830: checking for a BSD-compatible install
configure:1886: result: /usr/bin/install -c
configure:1897: checking whether build environment is sane
configure:1940: result: yes
configure:1968: checking for a thread-safe mkdir -p
configure:2007: result: /usr/bin/mkdir -p
configure:2020: checking for gawk
configure:2036: found /usr/bin/gawk
configure:2047: result: gawk
configure:2058: checking whether make sets $(MAKE)
configure:2079: result: yes
configure:2320: checking for gcc
configure:2336: found /usr/bin/gcc
configure:2347: result: gcc
configure:2585: checking for C compiler version
configure:2592: gcc --version >&5
gcc (SUSE Linux) 4.8.3 20140627 [gcc-4_8-branch revision 212064]
Copyright (C) 2013 Free Software Foundation, Inc.
This is free software; see the source for copying conditions.  There is NO
warranty; not even for MERCHANTABILITY or FITNESS FOR A PARTICULAR PURPOSE.

configure:2595: $? = 0
configure:2602: gcc -v >&5
Using built-in specs.
COLLECT_GCC=gcc
COLLECT_LTO_WRAPPER=/usr/lib64/gcc/x86_64-suse-linux/4.8/lto-wrapper
Target: x86_64-suse-linux
Configured with: ../configure --prefix=/usr --infodir=/usr/share/info --mandir=/usr/share/man --libdir=/usr/lib64 --libexecdir=/usr/lib64 --enable-languages=c,c++,objc,fortran,obj-c++,java,ada --enable-checking=release --with-gxx-include-dir=/usr/include/c++/4.8 --enable-ssp --disable-libssp --disable-plugin --with-bugurl=http://bugs.opensuse.org/ --with-pkgversion='SUSE Linux' --disable-libgcj --disable-libmudflap --with-slibdir=/lib64 --with-system-zlib --enable-__cxa_atexit --enable-libstdcxx-allocator=new --disable-libstdcxx-pch --enable-version-specific-runtime-libs --enable-linker-build-id --enable-linux-futex --program-suffix=-4.8 --without-system-libunwind --with-arch-32=i586 --with-tune=generic --build=x86_64-suse-linux --host=x86_64-suse-linux
Thread model: posix
gcc version 4.8.3 20140627 [gcc-4_8-branch revision 212064] (SUSE Linux) 
configure:2605: $? = 0
configure:2612: gcc -V >&5
gcc: error: unrecognized command line option '-V'
gcc: fatal error: no input files
compilation terminated.
configure:2615: $? = 1
configure:2638: checking for C compiler default output file name
configure:2665: gcc    conftest.c  >&5
configure:2668: $? = 0
configure:2706: result: a.out
configure:2723: checking whether the C compiler works
configure:2733: ./a.out
configure:2736: $? = 0
configure:2753: result: yes
configure:2760: checking whether we are cross compiling
configure:2762: result: no
configure:2765: checking for suffix of executables
configure:2772: gcc -o conftest    conftest.c  >&5
configure:2775: $? = 0
configure:2799: result: 
configure:2805: checking for suffix of object files
configure:2831: gcc -c   conftest.c >&5
configure:2834: $? = 0
configure:2857: result: o
configure:2861: checking whether we are using the GNU C compiler
configure:2890: gcc -c   conftest.c >&5
configure:2896: $? = 0
configure:2913: result: yes
configure:2918: checking whether gcc accepts -g
configure:2948: gcc -c -g  conftest.c >&5
configure:2954: $? = 0
configure:3053: result: yes
configure:3070: checking for gcc option to accept ISO C89
configure:3144: gcc  -c -g -O2  conftest.c >&5
configure:3150: $? = 0
configure:3173: result: none needed
configure:3202: checking for style of include used by make
configure:3230: result: GNU
configure:3255: checking dependency style of gcc
configure:3346: result: gcc3
configure:3371: checking how to run the C preprocessor
configure:3411: gcc -E  conftest.c
configure:3417: $? = 0
configure:3448: gcc -E  conftest.c
conftest.c:10:28: fatal error: ac_nonexistent.h: No such file or directory
 #include <ac_nonexistent.h>
                            ^
compilation terminated.
configure:3454: $? = 1
configure: failed program was:
| /* confdefs.h.  */
| #define PACKAGE_NAME "jack-keyboard"
| #define PACKAGE_TARNAME "jack-keyboard"
| #define PACKAGE_VERSION "2.5"
| #define PACKAGE_STRING "jack-keyboard 2.5"
| #define PACKAGE_BUGREPORT "trasz@FreeBSD.org"
| #define PACKAGE "jack-keyboard"
| #define VERSION "2.5"
| /* end confdefs.h.  */
| #include <ac_nonexistent.h>
configure:3487: result: gcc -E
configure:3516: gcc -E  conftest.c
configure:3522: $? = 0
configure:3553: gcc -E  conftest.c
conftest.c:10:28: fatal error: ac_nonexistent.h: No such file or directory
 #include <ac_nonexistent.h>
                            ^
compilation terminated.
configure:3559: $? = 1
configure: failed program was:
| /* confdefs.h.  */
| #define PACKAGE_NAME "jack-keyboard"
| #define PACKAGE_TARNAME "jack-keyboard"
| #define PACKAGE_VERSION "2.5"
| #define PACKAGE_STRING "jack-keyboard 2.5"
| #define PACKAGE_BUGREPORT "trasz@FreeBSD.org"
| #define PACKAGE "jack-keyboard"
| #define VERSION "2.5"
| /* end confdefs.h.  */
| #include <ac_nonexistent.h>
configure:3597: checking for grep that handles long lines and -e
configure:3671: result: /usr/bin/grep
configure:3676: checking for egrep
configure:3754: result: /usr/bin/grep -E
configure:3759: checking for ANSI C header files
configure:3789: gcc -c -g -O2  conftest.c >&5
configure:3795: $? = 0
configure:3894: gcc -o conftest -g -O2   conftest.c  >&5
configure:3897: $? = 0
configure:3903: ./conftest
configure:3906: $? = 0
configure:3923: result: yes
configure:3947: checking for sys/types.h
configure:3968: gcc -c -g -O2  conftest.c >&5
configure:3974: $? = 0
configure:3990: result: yes
configure:3947: checking for sys/stat.h
configure:3968: gcc -c -g -O2  conftest.c >&5
configure:3974: $? = 0
configure:3990: result: yes
configure:3947: checking for stdlib.h
configure:3968: gcc -c -g -O2  conftest.c >&5
configure:3974: $? = 0
configure:3990: result: yes
configure:3947: checking for string.h
configure:3968: gcc -c -g -O2  conftest.c >&5
configure:3974: $? = 0
configure:3990: result: yes
configure:3947: checking for memory.h
configure:3968: gcc -c -g -O2  conftest.c >&5
configure:3974: $? = 0
configure:3990: result: yes
configure:3947: checking for strings.h
configure:3968: gcc -c -g -O2  conftest.c >&5
configure:3974: $? = 0
configure:3990: result: yes
configure:3947: checking for inttypes.h
configure:3968: gcc -c -g -O2  conftest.c >&5
configure:3974: $? = 0
configure:3990: result: yes
configure:3947: checking for stdint.h
configure:3968: gcc -c -g -O2  conftest.c >&5
configure:3974: $? = 0
configure:3990: result: yes
configure:3947: checking for unistd.h
configure:3968: gcc -c -g -O2  conftest.c >&5
configure:3974: $? = 0
configure:3990: result: yes
configure:4010: checking for stdlib.h
configure:4016: result: yes
configure:4010: checking for string.h
configure:4016: result: yes
configure:4020: checking sys/time.h usability
configure:4037: gcc -c -g -O2  conftest.c >&5
configure:4043: $? = 0
configure:4057: result: yes
configure:4061: checking sys/time.h presence
configure:4076: gcc -E  conftest.c
configure:4082: $? = 0
configure:4096: result: yes
configure:4129: checking for sys/time.h
configure:4137: result: yes
configure:4010: checking for unistd.h
configure:4016: result: yes
configure:4152: checking for an ANSI C-conforming const
configure:4227: gcc -c -g -O2  conftest.c >&5
configure:4233: $? = 0
configure:4248: result: yes
configure:4258: checking whether time.h and sys/time.h may both be included
configure:4288: gcc -c -g -O2  conftest.c >&5
configure:4294: $? = 0
configure:4309: result: yes
configure:4319: checking for working volatile
configure:4348: gcc -c -g -O2  conftest.c >&5
configure:4354: $? = 0
configure:4369: result: yes
configure:4386: checking for stdlib.h
configure:4392: result: yes
configure:4526: checking for GNU libc compatible malloc
configure:4560: gcc -o conftest -g -O2   conftest.c  >&5
configure:4563: $? = 0
configure:4569: ./conftest
configure:4572: $? = 0
configure:4588: result: yes
configure:4616: checking for working strtod
configure:4667: gcc -o conftest -g -O2   conftest.c  >&5
configure:4670: $? = 0
configure:4676: ./conftest
configure:4679: $? = 0
configure:4695: result: yes
configure:4866: checking for gettimeofday
configure:4922: gcc -o conftest -g -O2   conftest.c  >&5
configure:4928: $? = 0
configure:4946: result: yes
configure:4866: checking for memset
configure:4922: gcc -o conftest -g -O2   conftest.c  >&5
conftest.c:51:6: warning: conflicting types for built-in function 'memset' [enabled by default]
 char memset ();
      ^
configure:4928: $? = 0
configure:4946: result: yes
configure:4866: checking for strcasecmp
configure:4922: gcc -o conftest -g -O2   conftest.c  >&5
conftest.c:52:6: warning: conflicting types for built-in function 'strcasecmp' [enabled by default]
 char strcasecmp ();
      ^
configure:4928: $? = 0
configure:4946: result: yes
configure:4866: checking for strdup
configure:4922: gcc -o conftest -g -O2   conftest.c  >&5
conftest.c:53:6: warning: conflicting types for built-in function 'strdup' [enabled by default]
 char strdup ();
      ^
configure:4928: $? = 0
configure:4946: result: yes
configure:5006: checking for pkg-config
configure:5024: found /usr/bin/pkg-config
configure:5036: result: /usr/bin/pkg-config
configure:5065: checking pkg-config is at least version 0.9.0
configure:5068: result: yes
configure:5079: checking for GTK
configure:5086: $PKG_CONFIG --exists --print-errors "gtk+-2.0 >= 2.2"
configure:5089: $? = 0
configure:5102: $PKG_CONFIG --exists --print-errors "gtk+-2.0 >= 2.2"
configure:5105: $? = 0
configure:5180: result: yes
configure:5189: checking for GLIB
configure:5196: $PKG_CONFIG --exists --print-errors "glib-2.0 >= 2.2"
configure:5199: $? = 0
configure:5212: $PKG_CONFIG --exists --print-errors "glib-2.0 >= 2.2"
configure:5215: $? = 0
configure:5290: result: yes
configure:5299: checking for GTHREAD
configure:5306: $PKG_CONFIG --exists --print-errors "gthread-2.0 >= 2.2"
configure:5309: $? = 0
configure:5322: $PKG_CONFIG --exists --print-errors "gthread-2.0 >= 2.2"
configure:5325: $? = 0
configure:5400: result: yes
configure:5419: checking for X11
configure:5426: $PKG_CONFIG --exists --print-errors "x11"
configure:5429: $? = 0
configure:5442: $PKG_CONFIG --exists --print-errors "x11"
configure:5445: $? = 0
configure:5494: result: yes
configure:5510: checking for JACK
configure:5517: $PKG_CONFIG --exists --print-errors "jack >= 0.102.0"
configure:5520: $? = 0
configure:5533: $PKG_CONFIG --exists --print-errors "jack >= 0.102.0"
configure:5536: $? = 0
configure:5611: result: yes
configure:5620: checking for JACK_MIDI_NEEDS_NFRAMES
configure:5627: $PKG_CONFIG --exists --print-errors "jack < 0.105.00"
Requested 'jack < 0.105.00' but version of jack is 1.9.10
configure:5630: $? = 1
configure:5643: $PKG_CONFIG --exists --print-errors "jack < 0.105.00"
Requested 'jack < 0.105.00' but version of jack is 1.9.10
configure:5646: $? = 1
Requested 'jack < 0.105.00' but version of jack is 1.9.10
configure:5673: result: no
configure:5702: checking for LASH
configure:5709: $PKG_CONFIG --exists --print-errors "lash-1.0"
Package lash-1.0 was not found in the pkg-config search path.
Perhaps you should add the directory containing `lash-1.0.pc'
to the PKG_CONFIG_PATH environment variable
No package 'lash-1.0' found
configure:5712: $? = 1
configure:5725: $PKG_CONFIG --exists --print-errors "lash-1.0"
Package lash-1.0 was not found in the pkg-config search path.
Perhaps you should add the directory containing `lash-1.0.pc'
to the PKG_CONFIG_PATH environment variable
No package 'lash-1.0' found
configure:5728: $? = 1
No package 'lash-1.0' found
configure:5755: result: no
configure:5907: creating ./config.status

## ---------------------- ##
## Running config.status. ##
## ---------------------- ##

This file was extended by jack-keyboard config.status 2.5, which was
generated by GNU Autoconf 2.61.  Invocation command line was

  CONFIG_FILES    = 
  CONFIG_HEADERS  = 
  CONFIG_LINKS    = 
  CONFIG_COMMANDS = 
  $ ./config.status 

on linux-0dvm

config.status:652: creating Makefile
config.status:652: creating src/Makefile
config.status:652: creating man/Makefile
config.status:652: creating pixmaps/Makefile
config.status:652: creating config.h
config.status:890: config.h is unchanged
config.status:936: executing depfiles commands

## ---------------- ##
## Cache variables. ##
## ---------------- ##

ac_cv_c_compiler_gnu=yes
ac_cv_c_const=yes
ac_cv_c_volatile=yes
ac_cv_env_CC_set=
ac_cv_env_CC_value=
ac_cv_env_CFLAGS_set=
ac_cv_env_CFLAGS_value=
ac_cv_env_CPPFLAGS_set=
ac_cv_env_CPPFLAGS_value=
ac_cv_env_CPP_set=
ac_cv_env_CPP_value=
ac_cv_env_GLIB_CFLAGS_set=
ac_cv_env_GLIB_CFLAGS_value=
ac_cv_env_GLIB_LIBS_set=
ac_cv_env_GLIB_LIBS_value=
ac_cv_env_GTHREAD_CFLAGS_set=
ac_cv_env_GTHREAD_CFLAGS_value=
ac_cv_env_GTHREAD_LIBS_set=
ac_cv_env_GTHREAD_LIBS_value=
ac_cv_env_GTK_CFLAGS_set=
ac_cv_env_GTK_CFLAGS_value=
ac_cv_env_GTK_LIBS_set=
ac_cv_env_GTK_LIBS_value=
ac_cv_env_JACK_CFLAGS_set=
ac_cv_env_JACK_CFLAGS_value=
ac_cv_env_JACK_LIBS_set=
ac_cv_env_JACK_LIBS_value=
ac_cv_env_JACK_MIDI_NEEDS_NFRAMES_CFLAGS_set=
ac_cv_env_JACK_MIDI_NEEDS_NFRAMES_CFLAGS_value=
ac_cv_env_JACK_MIDI_NEEDS_NFRAMES_LIBS_set=
ac_cv_env_JACK_MIDI_NEEDS_NFRAMES_LIBS_value=
ac_cv_env_LASH_CFLAGS_set=
ac_cv_env_LASH_CFLAGS_value=
ac_cv_env_LASH_LIBS_set=
ac_cv_env_LASH_LIBS_value=
ac_cv_env_LDFLAGS_set=
ac_cv_env_LDFLAGS_value=
ac_cv_env_LIBS_set=
ac_cv_env_LIBS_value=
ac_cv_env_PKG_CONFIG_set=
ac_cv_env_PKG_CONFIG_value=
ac_cv_env_X11_CFLAGS_set=
ac_cv_env_X11_CFLAGS_value=
ac_cv_env_X11_LIBS_set=
ac_cv_env_X11_LIBS_value=
ac_cv_env_build_alias_set=
ac_cv_env_build_alias_value=
ac_cv_env_host_alias_set=
ac_cv_env_host_alias_value=
ac_cv_env_target_alias_set=
ac_cv_env_target_alias_value=
ac_cv_func_gettimeofday=yes
ac_cv_func_malloc_0_nonnull=yes
ac_cv_func_memset=yes
ac_cv_func_strcasecmp=yes
ac_cv_func_strdup=yes
ac_cv_func_strtod=yes
ac_cv_header_inttypes_h=yes
ac_cv_header_memory_h=yes
ac_cv_header_stdc=yes
ac_cv_header_stdint_h=yes
ac_cv_header_stdlib_h=yes
ac_cv_header_string_h=yes
ac_cv_header_strings_h=yes
ac_cv_header_sys_stat_h=yes
ac_cv_header_sys_time_h=yes
ac_cv_header_sys_types_h=yes
ac_cv_header_time=yes
ac_cv_header_unistd_h=yes
ac_cv_objext=o
ac_cv_path_EGREP='/usr/bin/grep -E'
ac_cv_path_GREP=/usr/bin/grep
ac_cv_path_ac_pt_PKG_CONFIG=/usr/bin/pkg-config
ac_cv_path_install='/usr/bin/install -c'
ac_cv_path_mkdir=/usr/bin/mkdir
ac_cv_prog_AWK=gawk
ac_cv_prog_CPP='gcc -E'
ac_cv_prog_ac_ct_CC=gcc
ac_cv_prog_cc_c89=
ac_cv_prog_cc_g=yes
ac_cv_prog_make_make_set=yes
am_cv_CC_dependencies_compiler_type=gcc3
pkg_cv_GLIB_CFLAGS='-I/usr/include/glib-2.0 -I/usr/lib64/glib-2.0/include '
pkg_cv_GLIB_LIBS='-lglib-2.0 '
pkg_cv_GTHREAD_CFLAGS='-pthread -I/usr/include/glib-2.0 -I/usr/lib64/glib-2.0/include '
pkg_cv_GTHREAD_LIBS='-lgthread-2.0 -pthread -lglib-2.0 '
pkg_cv_GTK_CFLAGS='-pthread -I/usr/include/gtk-2.0 -I/usr/lib64/gtk-2.0/include -I/usr/include/pango-1.0 -I/usr/include/atk-1.0 -I/usr/include/cairo -I/usr/include/pixman-1 -I/usr/include/libdrm -I/usr/include/libpng12 -I/usr/include/gdk-pixbuf-2.0 -I/usr/include/libpng16 -I/usr/include/pango-1.0 -I/usr/include/harfbuzz -I/usr/include/pango-1.0 -I/usr/include/glib-2.0 -I/usr/lib64/glib-2.0/include -I/usr/include/freetype2 '
pkg_cv_GTK_LIBS='-lgtk-x11-2.0 -lgdk-x11-2.0 -lpangocairo-1.0 -latk-1.0 -lcairo -lgdk_pixbuf-2.0 -lgio-2.0 -lpangoft2-1.0 -lpango-1.0 -lgobject-2.0 -lglib-2.0 -lfontconfig -lfreetype '
pkg_cv_JACK_CFLAGS=
pkg_cv_JACK_LIBS='-ljack '
pkg_cv_X11_CFLAGS=
pkg_cv_X11_LIBS='-lX11 '

## ----------------- ##
## Output variables. ##
## ----------------- ##

ACLOCAL='${SHELL} /home/music/Music/Studio/Tools/jack-keyboard-2.5/missing --run aclocal-1.10'
AMDEPBACKSLASH='\'
AMDEP_FALSE='#'
AMDEP_TRUE=''
AMTAR='${SHELL} /home/music/Music/Studio/Tools/jack-keyboard-2.5/missing --run tar'
AUTOCONF='${SHELL} /home/music/Music/Studio/Tools/jack-keyboard-2.5/missing --run autoconf'
AUTOHEADER='${SHELL} /home/music/Music/Studio/Tools/jack-keyboard-2.5/missing --run autoheader'
AUTOMAKE='${SHELL} /home/music/Music/Studio/Tools/jack-keyboard-2.5/missing --run automake-1.10'
AWK='gawk'
CC='gcc'
CCDEPMODE='depmode=gcc3'
CFLAGS='-g -O2'
CPP='gcc -E'
CPPFLAGS=''
CYGPATH_W='echo'
DEFS='-DHAVE_CONFIG_H'
DEPDIR='.deps'
ECHO_C=''
ECHO_N='-n'
ECHO_T=''
EGREP='/usr/bin/grep -E'
EXEEXT=''
GLIB_CFLAGS='-I/usr/include/glib-2.0 -I/usr/lib64/glib-2.0/include '
GLIB_LIBS='-lglib-2.0 '
GREP='/usr/bin/grep'
GTHREAD_CFLAGS='-pthread -I/usr/include/glib-2.0 -I/usr/lib64/glib-2.0/include '
GTHREAD_LIBS='-lgthread-2.0 -pthread -lglib-2.0 '
GTK_CFLAGS='-pthread -I/usr/include/gtk-2.0 -I/usr/lib64/gtk-2.0/include -I/usr/include/pango-1.0 -I/usr/include/atk-1.0 -I/usr/include/cairo -I/usr/include/pixman-1 -I/usr/include/libdrm -I/usr/include/libpng12 -I/usr/include/gdk-pixbuf-2.0 -I/usr/include/libpng16 -I/usr/include/pango-1.0 -I/usr/include/harfbuzz -I/usr/include/pango-1.0 -I/usr/include/glib-2.0 -I/usr/lib64/glib-2.0/include -I/usr/include/freetype2 '
GTK_LIBS='-lgtk-x11-2.0 -lgdk-x11-2.0 -lpangocairo-1.0 -latk-1.0 -lcairo -lgdk_pixbuf-2.0 -lgio-2.0 -lpangoft2-1.0 -lpango-1.0 -lgobject-2.0 -lglib-2.0 -lfontconfig -lfreetype '
INSTALL_DATA='${INSTALL} -m 644'
INSTALL_PROGRAM='${INSTALL}'
INSTALL_SCRIPT='${INSTALL}'
INSTALL_STRIP_PROGRAM='$(install_sh) -c -s'
JACK_CFLAGS=''
JACK_LIBS='-ljack '
JACK_MIDI_NEEDS_NFRAMES_CFLAGS=''
JACK_MIDI_NEEDS_NFRAMES_LIBS=''
LASH_CFLAGS=''
LASH_LIBS=''
LDFLAGS=''
LIBOBJS=''
LIBS=''
LTLIBOBJS=''
MAKEINFO='${SHELL} /home/music/Music/Studio/Tools/jack-keyboard-2.5/missing --run makeinfo'
OBJEXT='o'
PACKAGE='jack-keyboard'
PACKAGE_BUGREPORT='trasz@FreeBSD.org'
PACKAGE_NAME='jack-keyboard'
PACKAGE_STRING='jack-keyboard 2.5'
PACKAGE_TARNAME='jack-keyboard'
PACKAGE_VERSION='2.5'
PATH_SEPARATOR=':'
PKG_CONFIG='/usr/bin/pkg-config'
POW_LIB=''
SET_MAKE=''
SHELL='/bin/sh'
STRIP=''
VERSION='2.5'
X11_CFLAGS=''
X11_LIBS='-lX11 '
ac_ct_CC='gcc'
am__fastdepCC_FALSE='#'
am__fastdepCC_TRUE=''
am__include='include'
am__isrc=''
am__leading_dot='.'
am__quote=''
am__tar='${AMTAR} chof - "$$tardir"'
am__untar='${AMTAR} xf -'
bindir='${exec_prefix}/bin'
build_alias=''
datadir='${datarootdir}'
datarootdir='${prefix}/share'
docdir='${datarootdir}/doc/${PACKAGE_TARNAME}'
dvidir='${docdir}'
exec_prefix='${prefix}'
host_alias=''
htmldir='${docdir}'
includedir='${prefix}/include'
infodir='${datarootdir}/info'
install_sh='$(SHELL) /home/music/Music/Studio/Tools/jack-keyboard-2.5/install-sh'
libdir='${exec_prefix}/lib64'
libexecdir='${exec_prefix}/lib'
localedir='${datarootdir}/locale'
localstatedir='${prefix}/var'
mandir='${datarootdir}/man'
mkdir_p='/usr/bin/mkdir -p'
oldincludedir='/usr/include'
pdfdir='${docdir}'
prefix='/usr/local'
program_transform_name='s,x,x,'
psdir='${docdir}'
sbindir='${exec_prefix}/sbin'
sharedstatedir='${prefix}/com'
sysconfdir='${prefix}/etc'
target_alias=''

## ----------- ##
## confdefs.h. ##
## ----------- ##

#define PACKAGE_NAME "jack-keyboard"
#define PACKAGE_TARNAME "jack-keyboard"
#define PACKAGE_VERSION "2.5"
#define PACKAGE_STRING "jack-keyboard 2.5"
#define PACKAGE_BUGREPORT "trasz@FreeBSD.org"
#define PACKAGE "jack-keyboard"
#define VERSION "2.5"
#define STDC_HEADERS 1
#define HAVE_SYS_TYPES_H 1
#define HAVE_SYS_STAT_H 1
#define HAVE_STDLIB_H 1
#define HAVE_STRING_H 1
#define HAVE_MEMORY_H 1
#define HAVE_STRINGS_H 1
#define HAVE_INTTYPES_H 1
#define HAVE_STDINT_H 1
#define HAVE_UNISTD_H 1
#define HAVE_STDLIB_H 1
#define HAVE_STRING_H 1
#define HAVE_SYS_TIME_H 1
#define HAVE_UNISTD_H 1
#define TIME_WITH_SYS_TIME 1
#define HAVE_STDLIB_H 1
#define HAVE_MALLOC 1
#define HAVE_GETTIMEOFDAY 1
#define HAVE_MEMSET 1
#define HAVE_STRCASECMP 1
#define HAVE_STRDUP 1
#define HAVE_X11

configure: exit 0
